FA2/A0 input add_38_add_5_13is connected to a constant net
FA2/A1 input add_38_add_5_13is connected to a constant net
VLO/Z GND  i5
     *** OLED12864_u1/mux_39/RADDR10 is driven by constant or a pin on an incomplete path
     *** OLED12864_u1/mux_39/RADDR9 is driven by constant or a pin on an incomplete path
     *** OLED12864_u1/mux_39/RADDR8 is driven by constant or a pin on an incomplete path
     *** OLED12864_u1/mux_39/RADDR7 is driven by constant or a pin on an incomplete path
     *** OLED12864_u1/mux_39/RADDR6 is driven by constant or a pin on an incomplete path
     *** OLED12864_u1/mux_39/RADDR5 is driven by constant or a pin on an incomplete path
     *** OLED12864_u1/mux_39/WADDR10 is driven by constant or a pin on an incomplete path
     *** OLED12864_u1/mux_39/WADDR9 is driven by constant or a pin on an incomplete path
     *** OLED12864_u1/mux_39/WADDR8 is driven by constant or a pin on an incomplete path
     *** OLED12864_u1/mux_39/WADDR7 is driven by constant or a pin on an incomplete path
     *** OLED12864_u1/mux_39/WADDR6 is driven by constant or a pin on an incomplete path
     *** OLED12864_u1/mux_39/WADDR5 is driven by constant or a pin on an incomplete path
     *** OLED12864_u1/mux_39/WADDR4 is driven by constant or a pin on an incomplete path
     *** OLED12864_u1/mux_39/WADDR3 is driven by constant or a pin on an incomplete path
     *** OLED12864_u1/mux_39/WADDR2 is driven by constant or a pin on an incomplete path
     *** OLED12864_u1/mux_39/WADDR1 is driven by constant or a pin on an incomplete path
     *** OLED12864_u1/mux_39/WADDR0 is driven by constant or a pin on an incomplete path
     *** OLED12864_u1/mux_39/MASK_N15 is driven by constant or a pin on an incomplete path
     *** OLED12864_u1/mux_39/MASK_N14 is driven by constant or a pin on an incomplete path
     *** OLED12864_u1/mux_39/MASK_N13 is driven by constant or a pin on an incomplete path
     *** OLED12864_u1/mux_39/MASK_N12 is driven by constant or a pin on an incomplete path
     *** OLED12864_u1/mux_39/MASK_N11 is driven by constant or a pin on an incomplete path
     *** OLED12864_u1/mux_39/MASK_N10 is driven by constant or a pin on an incomplete path
     *** OLED12864_u1/mux_39/MASK_N9 is driven by constant or a pin on an incomplete path
     *** OLED12864_u1/mux_39/MASK_N8 is driven by constant or a pin on an incomplete path
     *** OLED12864_u1/mux_39/MASK_N7 is driven by constant or a pin on an incomplete path
     *** OLED12864_u1/mux_39/MASK_N6 is driven by constant or a pin on an incomplete path
     *** OLED12864_u1/mux_39/MASK_N5 is driven by constant or a pin on an incomplete path
     *** OLED12864_u1/mux_39/MASK_N4 is driven by constant or a pin on an incomplete path
     *** OLED12864_u1/mux_39/MASK_N3 is driven by constant or a pin on an incomplete path
     *** OLED12864_u1/mux_39/MASK_N2 is driven by constant or a pin on an incomplete path
     *** OLED12864_u1/mux_39/MASK_N1 is driven by constant or a pin on an incomplete path
     *** OLED12864_u1/mux_39/MASK_N0 is driven by constant or a pin on an incomplete path
     *** OLED12864_u1/mux_39/WDATA15 is driven by constant or a pin on an incomplete path
     *** OLED12864_u1/mux_39/WDATA14 is driven by constant or a pin on an incomplete path
     *** OLED12864_u1/mux_39/WDATA13 is driven by constant or a pin on an incomplete path
     *** OLED12864_u1/mux_39/WDATA12 is driven by constant or a pin on an incomplete path
     *** OLED12864_u1/mux_39/WDATA11 is driven by constant or a pin on an incomplete path
     *** OLED12864_u1/mux_39/WDATA10 is driven by constant or a pin on an incomplete path
     *** OLED12864_u1/mux_39/WDATA9 is driven by constant or a pin on an incomplete path
     *** OLED12864_u1/mux_39/WDATA8 is driven by constant or a pin on an incomplete path
     *** OLED12864_u1/mux_39/WDATA7 is driven by constant or a pin on an incomplete path
     *** OLED12864_u1/mux_39/WDATA6 is driven by constant or a pin on an incomplete path
     *** OLED12864_u1/mux_39/WDATA5 is driven by constant or a pin on an incomplete path
     *** OLED12864_u1/mux_39/WDATA4 is driven by constant or a pin on an incomplete path
     *** OLED12864_u1/mux_39/WDATA3 is driven by constant or a pin on an incomplete path
     *** OLED12864_u1/mux_39/WDATA2 is driven by constant or a pin on an incomplete path
     *** OLED12864_u1/mux_39/WDATA1 is driven by constant or a pin on an incomplete path
     *** OLED12864_u1/mux_39/WDATA0 is driven by constant or a pin on an incomplete path
     *** OLED12864_u1/mux_39/WCLK is driven by constant or a pin on an incomplete path
     *** OLED12864_u1/mux_39/WE is driven by constant or a pin on an incomplete path
     *** OLED12864_u1/mux_76/RADDR10 is driven by constant or a pin on an incomplete path
     *** OLED12864_u1/mux_76/RADDR9 is driven by constant or a pin on an incomplete path
     *** OLED12864_u1/mux_76/RADDR8 is driven by constant or a pin on an incomplete path
     *** OLED12864_u1/mux_76/RADDR7 is driven by constant or a pin on an incomplete path
     *** OLED12864_u1/mux_76/WADDR10 is driven by constant or a pin on an incomplete path
     *** OLED12864_u1/mux_76/WADDR9 is driven by constant or a pin on an incomplete path
     *** OLED12864_u1/mux_76/WADDR8 is driven by constant or a pin on an incomplete path
     *** OLED12864_u1/mux_76/WADDR7 is driven by constant or a pin on an incomplete path
     *** OLED12864_u1/mux_76/WADDR6 is driven by constant or a pin on an incomplete path
     *** OLED12864_u1/mux_76/WADDR5 is driven by constant or a pin on an incomplete path
     *** OLED12864_u1/mux_76/WADDR4 is driven by constant or a pin on an incomplete path
     *** OLED12864_u1/mux_76/WADDR3 is driven by constant or a pin on an incomplete path
     *** OLED12864_u1/mux_76/WADDR2 is driven by constant or a pin on an incomplete path
     *** OLED12864_u1/mux_76/WADDR1 is driven by constant or a pin on an incomplete path
     *** OLED12864_u1/mux_76/WADDR0 is driven by constant or a pin on an incomplete path
     *** OLED12864_u1/mux_76/MASK_N15 is driven by constant or a pin on an incomplete path
     *** OLED12864_u1/mux_76/MASK_N14 is driven by constant or a pin on an incomplete path
     *** OLED12864_u1/mux_76/MASK_N13 is driven by constant or a pin on an incomplete path
     *** OLED12864_u1/mux_76/MASK_N12 is driven by constant or a pin on an incomplete path
     *** OLED12864_u1/mux_76/MASK_N11 is driven by constant or a pin on an incomplete path
     *** OLED12864_u1/mux_76/MASK_N10 is driven by constant or a pin on an incomplete path
     *** OLED12864_u1/mux_76/MASK_N9 is driven by constant or a pin on an incomplete path
     *** OLED12864_u1/mux_76/MASK_N8 is driven by constant or a pin on an incomplete path
     *** OLED12864_u1/mux_76/MASK_N7 is driven by constant or a pin on an incomplete path
     *** OLED12864_u1/mux_76/MASK_N6 is driven by constant or a pin on an incomplete path
     *** OLED12864_u1/mux_76/MASK_N5 is driven by constant or a pin on an incomplete path
     *** OLED12864_u1/mux_76/MASK_N4 is driven by constant or a pin on an incomplete path
     *** OLED12864_u1/mux_76/MASK_N3 is driven by constant or a pin on an incomplete path
     *** OLED12864_u1/mux_76/MASK_N2 is driven by constant or a pin on an incomplete path
     *** OLED12864_u1/mux_76/MASK_N1 is driven by constant or a pin on an incomplete path
     *** OLED12864_u1/mux_76/MASK_N0 is driven by constant or a pin on an incomplete path
     *** OLED12864_u1/mux_76/WDATA15 is driven by constant or a pin on an incomplete path
     *** OLED12864_u1/mux_76/WDATA14 is driven by constant or a pin on an incomplete path
     *** OLED12864_u1/mux_76/WDATA13 is driven by constant or a pin on an incomplete path
     *** OLED12864_u1/mux_76/WDATA12 is driven by constant or a pin on an incomplete path
     *** OLED12864_u1/mux_76/WDATA11 is driven by constant or a pin on an incomplete path
     *** OLED12864_u1/mux_76/WDATA10 is driven by constant or a pin on an incomplete path
     *** OLED12864_u1/mux_76/WDATA9 is driven by constant or a pin on an incomplete path
     *** OLED12864_u1/mux_76/WDATA8 is driven by constant or a pin on an incomplete path
     *** OLED12864_u1/mux_76/WDATA7 is driven by constant or a pin on an incomplete path
     *** OLED12864_u1/mux_76/WDATA6 is driven by constant or a pin on an incomplete path
     *** OLED12864_u1/mux_76/WDATA5 is driven by constant or a pin on an incomplete path
     *** OLED12864_u1/mux_76/WDATA4 is driven by constant or a pin on an incomplete path
     *** OLED12864_u1/mux_76/WDATA3 is driven by constant or a pin on an incomplete path
     *** OLED12864_u1/mux_76/WDATA2 is driven by constant or a pin on an incomplete path
     *** OLED12864_u1/mux_76/WDATA1 is driven by constant or a pin on an incomplete path
     *** OLED12864_u1/mux_76/WDATA0 is driven by constant or a pin on an incomplete path
     *** OLED12864_u1/mux_76/WCLK is driven by constant or a pin on an incomplete path
     *** OLED12864_u1/mux_76/WE is driven by constant or a pin on an incomplete path
     *** OLED12864_u1/mux_79/RADDR10 is driven by constant or a pin on an incomplete path
     *** OLED12864_u1/mux_79/RADDR9 is driven by constant or a pin on an incomplete path
     *** OLED12864_u1/mux_79/RADDR8 is driven by constant or a pin on an incomplete path
     *** OLED12864_u1/mux_79/RADDR7 is driven by constant or a pin on an incomplete path
     *** OLED12864_u1/mux_79/WADDR10 is driven by constant or a pin on an incomplete path
     *** OLED12864_u1/mux_79/WADDR9 is driven by constant or a pin on an incomplete path
     *** OLED12864_u1/mux_79/WADDR8 is driven by constant or a pin on an incomplete path
     *** OLED12864_u1/mux_79/WADDR7 is driven by constant or a pin on an incomplete path
     *** OLED12864_u1/mux_79/WADDR6 is driven by constant or a pin on an incomplete path
     *** OLED12864_u1/mux_79/WADDR5 is driven by constant or a pin on an incomplete path
     *** OLED12864_u1/mux_79/WADDR4 is driven by constant or a pin on an incomplete path
     *** OLED12864_u1/mux_79/WADDR3 is driven by constant or a pin on an incomplete path
     *** OLED12864_u1/mux_79/WADDR2 is driven by constant or a pin on an incomplete path
     *** OLED12864_u1/mux_79/WADDR1 is driven by constant or a pin on an incomplete path
     *** OLED12864_u1/mux_79/WADDR0 is driven by constant or a pin on an incomplete path
     *** OLED12864_u1/mux_79/MASK_N15 is driven by constant or a pin on an incomplete path
     *** OLED12864_u1/mux_79/MASK_N14 is driven by constant or a pin on an incomplete path
     *** OLED12864_u1/mux_79/MASK_N13 is driven by constant or a pin on an incomplete path
     *** OLED12864_u1/mux_79/MASK_N12 is driven by constant or a pin on an incomplete path
     *** OLED12864_u1/mux_79/MASK_N11 is driven by constant or a pin on an incomplete path
     *** OLED12864_u1/mux_79/MASK_N10 is driven by constant or a pin on an incomplete path
     *** OLED12864_u1/mux_79/MASK_N9 is driven by constant or a pin on an incomplete path
     *** OLED12864_u1/mux_79/MASK_N8 is driven by constant or a pin on an incomplete path
     *** OLED12864_u1/mux_79/MASK_N7 is driven by constant or a pin on an incomplete path
     *** OLED12864_u1/mux_79/MASK_N6 is driven by constant or a pin on an incomplete path
     *** OLED12864_u1/mux_79/MASK_N5 is driven by constant or a pin on an incomplete path
     *** OLED12864_u1/mux_79/MASK_N4 is driven by constant or a pin on an incomplete path
     *** OLED12864_u1/mux_79/MASK_N3 is driven by constant or a pin on an incomplete path
     *** OLED12864_u1/mux_79/MASK_N2 is driven by constant or a pin on an incomplete path
     *** OLED12864_u1/mux_79/MASK_N1 is driven by constant or a pin on an incomplete path
     *** OLED12864_u1/mux_79/MASK_N0 is driven by constant or a pin on an incomplete path
     *** OLED12864_u1/mux_79/WDATA15 is driven by constant or a pin on an incomplete path
     *** OLED12864_u1/mux_79/WDATA14 is driven by constant or a pin on an incomplete path
     *** OLED12864_u1/mux_79/WDATA13 is driven by constant or a pin on an incomplete path
     *** OLED12864_u1/mux_79/WDATA12 is driven by constant or a pin on an incomplete path
     *** OLED12864_u1/mux_79/WDATA11 is driven by constant or a pin on an incomplete path
     *** OLED12864_u1/mux_79/WDATA10 is driven by constant or a pin on an incomplete path
     *** OLED12864_u1/mux_79/WDATA9 is driven by constant or a pin on an incomplete path
     *** OLED12864_u1/mux_79/WDATA8 is driven by constant or a pin on an incomplete path
     *** OLED12864_u1/mux_79/WDATA7 is driven by constant or a pin on an incomplete path
     *** OLED12864_u1/mux_79/WDATA6 is driven by constant or a pin on an incomplete path
     *** OLED12864_u1/mux_79/WDATA5 is driven by constant or a pin on an incomplete path
     *** OLED12864_u1/mux_79/WDATA4 is driven by constant or a pin on an incomplete path
     *** OLED12864_u1/mux_79/WDATA3 is driven by constant or a pin on an incomplete path
     *** OLED12864_u1/mux_79/WDATA2 is driven by constant or a pin on an incomplete path
     *** OLED12864_u1/mux_79/WDATA1 is driven by constant or a pin on an incomplete path
     *** OLED12864_u1/mux_79/WDATA0 is driven by constant or a pin on an incomplete path
     *** OLED12864_u1/mux_79/WCLK is driven by constant or a pin on an incomplete path
     *** OLED12864_u1/mux_79/WE is driven by constant or a pin on an incomplete path
     *** OLED12864_u1/mux_82/RADDR10 is driven by constant or a pin on an incomplete path
     *** OLED12864_u1/mux_82/RADDR9 is driven by constant or a pin on an incomplete path
     *** OLED12864_u1/mux_82/RADDR8 is driven by constant or a pin on an incomplete path
     *** OLED12864_u1/mux_82/RADDR7 is driven by constant or a pin on an incomplete path
     *** OLED12864_u1/mux_82/WADDR10 is driven by constant or a pin on an incomplete path
     *** OLED12864_u1/mux_82/WADDR9 is driven by constant or a pin on an incomplete path
     *** OLED12864_u1/mux_82/WADDR8 is driven by constant or a pin on an incomplete path
     *** OLED12864_u1/mux_82/WADDR7 is driven by constant or a pin on an incomplete path
     *** OLED12864_u1/mux_82/WADDR6 is driven by constant or a pin on an incomplete path
     *** OLED12864_u1/mux_82/WADDR5 is driven by constant or a pin on an incomplete path
     *** OLED12864_u1/mux_82/WADDR4 is driven by constant or a pin on an incomplete path
     *** OLED12864_u1/mux_82/WADDR3 is driven by constant or a pin on an incomplete path
     *** OLED12864_u1/mux_82/WADDR2 is driven by constant or a pin on an incomplete path
     *** OLED12864_u1/mux_82/WADDR1 is driven by constant or a pin on an incomplete path
     *** OLED12864_u1/mux_82/WADDR0 is driven by constant or a pin on an incomplete path
     *** OLED12864_u1/mux_82/MASK_N15 is driven by constant or a pin on an incomplete path
     *** OLED12864_u1/mux_82/MASK_N14 is driven by constant or a pin on an incomplete path
     *** OLED12864_u1/mux_82/MASK_N13 is driven by constant or a pin on an incomplete path
     *** OLED12864_u1/mux_82/MASK_N12 is driven by constant or a pin on an incomplete path
     *** OLED12864_u1/mux_82/MASK_N11 is driven by constant or a pin on an incomplete path
     *** OLED12864_u1/mux_82/MASK_N10 is driven by constant or a pin on an incomplete path
     *** OLED12864_u1/mux_82/MASK_N9 is driven by constant or a pin on an incomplete path
     *** OLED12864_u1/mux_82/MASK_N8 is driven by constant or a pin on an incomplete path
     *** OLED12864_u1/mux_82/MASK_N7 is driven by constant or a pin on an incomplete path
     *** OLED12864_u1/mux_82/MASK_N6 is driven by constant or a pin on an incomplete path
     *** OLED12864_u1/mux_82/MASK_N5 is driven by constant or a pin on an incomplete path
     *** OLED12864_u1/mux_82/MASK_N4 is driven by constant or a pin on an incomplete path
     *** OLED12864_u1/mux_82/MASK_N3 is driven by constant or a pin on an incomplete path
     *** OLED12864_u1/mux_82/MASK_N2 is driven by constant or a pin on an incomplete path
     *** OLED12864_u1/mux_82/MASK_N1 is driven by constant or a pin on an incomplete path
     *** OLED12864_u1/mux_82/MASK_N0 is driven by constant or a pin on an incomplete path
     *** OLED12864_u1/mux_82/WDATA15 is driven by constant or a pin on an incomplete path
     *** OLED12864_u1/mux_82/WDATA14 is driven by constant or a pin on an incomplete path
     *** OLED12864_u1/mux_82/WDATA13 is driven by constant or a pin on an incomplete path
     *** OLED12864_u1/mux_82/WDATA12 is driven by constant or a pin on an incomplete path
     *** OLED12864_u1/mux_82/WDATA11 is driven by constant or a pin on an incomplete path
     *** OLED12864_u1/mux_82/WDATA10 is driven by constant or a pin on an incomplete path
     *** OLED12864_u1/mux_82/WDATA9 is driven by constant or a pin on an incomplete path
     *** OLED12864_u1/mux_82/WDATA8 is driven by constant or a pin on an incomplete path
     *** OLED12864_u1/mux_82/WDATA7 is driven by constant or a pin on an incomplete path
     *** OLED12864_u1/mux_82/WDATA6 is driven by constant or a pin on an incomplete path
     *** OLED12864_u1/mux_82/WDATA5 is driven by constant or a pin on an incomplete path
     *** OLED12864_u1/mux_82/WDATA4 is driven by constant or a pin on an incomplete path
     *** OLED12864_u1/mux_82/WDATA3 is driven by constant or a pin on an incomplete path
     *** OLED12864_u1/mux_82/WDATA2 is driven by constant or a pin on an incomplete path
     *** OLED12864_u1/mux_82/WDATA1 is driven by constant or a pin on an incomplete path
     *** OLED12864_u1/mux_82/WDATA0 is driven by constant or a pin on an incomplete path
     *** OLED12864_u1/mux_82/WCLK is driven by constant or a pin on an incomplete path
     *** OLED12864_u1/mux_82/WE is driven by constant or a pin on an incomplete path
     *** OLED12864_u1/mux_85/RADDR10 is driven by constant or a pin on an incomplete path
     *** OLED12864_u1/mux_85/RADDR9 is driven by constant or a pin on an incomplete path
     *** OLED12864_u1/mux_85/RADDR8 is driven by constant or a pin on an incomplete path
     *** OLED12864_u1/mux_85/RADDR7 is driven by constant or a pin on an incomplete path
     *** OLED12864_u1/mux_85/WADDR10 is driven by constant or a pin on an incomplete path
     *** OLED12864_u1/mux_85/WADDR9 is driven by constant or a pin on an incomplete path
     *** OLED12864_u1/mux_85/WADDR8 is driven by constant or a pin on an incomplete path
     *** OLED12864_u1/mux_85/WADDR7 is driven by constant or a pin on an incomplete path
     *** OLED12864_u1/mux_85/WADDR6 is driven by constant or a pin on an incomplete path
     *** OLED12864_u1/mux_85/WADDR5 is driven by constant or a pin on an incomplete path
     *** OLED12864_u1/mux_85/WADDR4 is driven by constant or a pin on an incomplete path
     *** OLED12864_u1/mux_85/WADDR3 is driven by constant or a pin on an incomplete path
     *** OLED12864_u1/mux_85/WADDR2 is driven by constant or a pin on an incomplete path
     *** OLED12864_u1/mux_85/WADDR1 is driven by constant or a pin on an incomplete path
     *** OLED12864_u1/mux_85/WADDR0 is driven by constant or a pin on an incomplete path
     *** OLED12864_u1/mux_85/MASK_N15 is driven by constant or a pin on an incomplete path
     *** OLED12864_u1/mux_85/MASK_N14 is driven by constant or a pin on an incomplete path
     *** OLED12864_u1/mux_85/MASK_N13 is driven by constant or a pin on an incomplete path
     *** OLED12864_u1/mux_85/MASK_N12 is driven by constant or a pin on an incomplete path
     *** OLED12864_u1/mux_85/MASK_N11 is driven by constant or a pin on an incomplete path
     *** OLED12864_u1/mux_85/MASK_N10 is driven by constant or a pin on an incomplete path
     *** OLED12864_u1/mux_85/MASK_N9 is driven by constant or a pin on an incomplete path
     *** OLED12864_u1/mux_85/MASK_N8 is driven by constant or a pin on an incomplete path
     *** OLED12864_u1/mux_85/MASK_N7 is driven by constant or a pin on an incomplete path
     *** OLED12864_u1/mux_85/MASK_N6 is driven by constant or a pin on an incomplete path
     *** OLED12864_u1/mux_85/MASK_N5 is driven by constant or a pin on an incomplete path
     *** OLED12864_u1/mux_85/MASK_N4 is driven by constant or a pin on an incomplete path
     *** OLED12864_u1/mux_85/MASK_N3 is driven by constant or a pin on an incomplete path
     *** OLED12864_u1/mux_85/MASK_N2 is driven by constant or a pin on an incomplete path
     *** OLED12864_u1/mux_85/MASK_N1 is driven by constant or a pin on an incomplete path
     *** OLED12864_u1/mux_85/MASK_N0 is driven by constant or a pin on an incomplete path
     *** OLED12864_u1/mux_85/WDATA15 is driven by constant or a pin on an incomplete path
     *** OLED12864_u1/mux_85/WDATA14 is driven by constant or a pin on an incomplete path
     *** OLED12864_u1/mux_85/WDATA13 is driven by constant or a pin on an incomplete path
     *** OLED12864_u1/mux_85/WDATA12 is driven by constant or a pin on an incomplete path
     *** OLED12864_u1/mux_85/WDATA11 is driven by constant or a pin on an incomplete path
     *** OLED12864_u1/mux_85/WDATA10 is driven by constant or a pin on an incomplete path
     *** OLED12864_u1/mux_85/WDATA9 is driven by constant or a pin on an incomplete path
     *** OLED12864_u1/mux_85/WDATA8 is driven by constant or a pin on an incomplete path
     *** OLED12864_u1/mux_85/WDATA7 is driven by constant or a pin on an incomplete path
     *** OLED12864_u1/mux_85/WDATA6 is driven by constant or a pin on an incomplete path
     *** OLED12864_u1/mux_85/WDATA5 is driven by constant or a pin on an incomplete path
     *** OLED12864_u1/mux_85/WDATA4 is driven by constant or a pin on an incomplete path
     *** OLED12864_u1/mux_85/WDATA3 is driven by constant or a pin on an incomplete path
     *** OLED12864_u1/mux_85/WDATA2 is driven by constant or a pin on an incomplete path
     *** OLED12864_u1/mux_85/WDATA1 is driven by constant or a pin on an incomplete path
     *** OLED12864_u1/mux_85/WDATA0 is driven by constant or a pin on an incomplete path
     *** OLED12864_u1/mux_85/WCLK is driven by constant or a pin on an incomplete path
     *** OLED12864_u1/mux_85/WE is driven by constant or a pin on an incomplete path
     *** OLED12864_u1/add_38_add_5_13/C0 is driven by constant or a pin on an incomplete path
     *** OLED12864_u1/add_38_add_5_13/C1 is driven by constant or a pin on an incomplete path
     *** OLED12864_u1/num_1293_add_4_1/A0 is driven by constant or a pin on an incomplete path
     *** OLED12864_u1/num_1293_add_4_1/B0 is driven by constant or a pin on an incomplete path
     *** OLED12864_u1/num_1293_add_4_1/C0 is driven by constant or a pin on an incomplete path
     *** OLED12864_u1/num_1293_add_4_1/A1 is driven by constant or a pin on an incomplete path
     *** OLED12864_u1/add_172_add_5_17/A0 is driven by constant or a pin on an incomplete path
     *** OLED12864_u1/add_172_add_5_17/C0 is driven by constant or a pin on an incomplete path
     *** OLED12864_u1/add_172_add_5_17/A1 is driven by constant or a pin on an incomplete path
     *** OLED12864_u1/add_172_add_5_17/B1 is driven by constant or a pin on an incomplete path
     *** OLED12864_u1/add_172_add_5_17/C1 is driven by constant or a pin on an incomplete path
     *** OLED12864_u1/add_172_add_5_15/A0 is driven by constant or a pin on an incomplete path
     *** OLED12864_u1/add_172_add_5_15/C0 is driven by constant or a pin on an incomplete path
     *** OLED12864_u1/add_172_add_5_15/A1 is driven by constant or a pin on an incomplete path
     *** OLED12864_u1/add_172_add_5_15/C1 is driven by constant or a pin on an incomplete path
     *** OLED12864_u1/add_172_add_5_13/A0 is driven by constant or a pin on an incomplete path
     *** OLED12864_u1/add_172_add_5_13/C0 is driven by constant or a pin on an incomplete path
     *** OLED12864_u1/add_172_add_5_13/A1 is driven by constant or a pin on an incomplete path
     *** OLED12864_u1/add_172_add_5_13/C1 is driven by constant or a pin on an incomplete path
     *** OLED12864_u1/cnt_chinese_1292_add_4_7/A0 is driven by constant or a pin on an incomplete path
     *** OLED12864_u1/cnt_chinese_1292_add_4_7/B0 is driven by constant or a pin on an incomplete path
     *** OLED12864_u1/cnt_chinese_1292_add_4_7/A1 is driven by constant or a pin on an incomplete path
     *** OLED12864_u1/cnt_chinese_1292_add_4_7/B1 is driven by constant or a pin on an incomplete path
     *** OLED12864_u1/cnt_chinese_1292_add_4_7/C1 is driven by constant or a pin on an incomplete path
     *** OLED12864_u1/cnt_chinese_1292_add_4_5/A0 is driven by constant or a pin on an incomplete path
     *** OLED12864_u1/cnt_chinese_1292_add_4_5/B0 is driven by constant or a pin on an incomplete path
     *** OLED12864_u1/cnt_chinese_1292_add_4_5/A1 is driven by constant or a pin on an incomplete path
     *** OLED12864_u1/cnt_chinese_1292_add_4_5/B1 is driven by constant or a pin on an incomplete path
     *** OLED12864_u1/add_172_add_5_11/A0 is driven by constant or a pin on an incomplete path
     *** OLED12864_u1/add_172_add_5_11/C0 is driven by constant or a pin on an incomplete path
     *** OLED12864_u1/add_172_add_5_11/A1 is driven by constant or a pin on an incomplete path
     *** OLED12864_u1/add_172_add_5_11/C1 is driven by constant or a pin on an incomplete path
     *** OLED12864_u1/add_38_add_5_11/A0 is driven by constant or a pin on an incomplete path
     *** OLED12864_u1/add_38_add_5_11/C0 is driven by constant or a pin on an incomplete path
     *** OLED12864_u1/add_38_add_5_11/A1 is driven by constant or a pin on an incomplete path
     *** OLED12864_u1/add_38_add_5_11/C1 is driven by constant or a pin on an incomplete path
     *** OLED12864_u1/add_38_add_5_9/A0 is driven by constant or a pin on an incomplete path
     *** OLED12864_u1/add_38_add_5_9/C0 is driven by constant or a pin on an incomplete path
     *** OLED12864_u1/add_38_add_5_9/A1 is driven by constant or a pin on an incomplete path
     *** OLED12864_u1/add_38_add_5_9/C1 is driven by constant or a pin on an incomplete path
     *** OLED12864_u1/cnt_chinese_1292_add_4_3/A0 is driven by constant or a pin on an incomplete path
     *** OLED12864_u1/cnt_chinese_1292_add_4_3/B0 is driven by constant or a pin on an incomplete path
     *** OLED12864_u1/cnt_chinese_1292_add_4_3/A1 is driven by constant or a pin on an incomplete path
     *** OLED12864_u1/cnt_chinese_1292_add_4_3/B1 is driven by constant or a pin on an incomplete path
     *** OLED12864_u1/add_38_add_5_7/A0 is driven by constant or a pin on an incomplete path
     *** OLED12864_u1/add_38_add_5_7/C0 is driven by constant or a pin on an incomplete path
     *** OLED12864_u1/add_38_add_5_7/A1 is driven by constant or a pin on an incomplete path
     *** OLED12864_u1/add_38_add_5_7/C1 is driven by constant or a pin on an incomplete path
     *** OLED12864_u1/add_172_add_5_9/A0 is driven by constant or a pin on an incomplete path
     *** OLED12864_u1/add_172_add_5_9/C0 is driven by constant or a pin on an incomplete path
     *** OLED12864_u1/add_172_add_5_9/A1 is driven by constant or a pin on an incomplete path
     *** OLED12864_u1/add_172_add_5_9/C1 is driven by constant or a pin on an incomplete path
     *** OLED12864_u1/add_172_add_5_7/A0 is driven by constant or a pin on an incomplete path
     *** OLED12864_u1/add_172_add_5_7/C0 is driven by constant or a pin on an incomplete path
     *** OLED12864_u1/add_172_add_5_7/A1 is driven by constant or a pin on an incomplete path
     *** OLED12864_u1/add_172_add_5_7/C1 is driven by constant or a pin on an incomplete path
     *** OLED12864_u1/add_172_add_5_5/A0 is driven by constant or a pin on an incomplete path
     *** OLED12864_u1/add_172_add_5_5/C0 is driven by constant or a pin on an incomplete path
     *** OLED12864_u1/add_172_add_5_5/A1 is driven by constant or a pin on an incomplete path
     *** OLED12864_u1/add_172_add_5_5/C1 is driven by constant or a pin on an incomplete path
     *** OLED12864_u1/cnt_chinese_1292_add_4_1/A0 is driven by constant or a pin on an incomplete path
     *** OLED12864_u1/cnt_chinese_1292_add_4_1/B0 is driven by constant or a pin on an incomplete path
     *** OLED12864_u1/cnt_chinese_1292_add_4_1/C0 is driven by constant or a pin on an incomplete path
     *** OLED12864_u1/cnt_chinese_1292_add_4_1/A1 is driven by constant or a pin on an incomplete path
     *** OLED12864_u1/add_172_add_5_3/A0 is driven by constant or a pin on an incomplete path
     *** OLED12864_u1/add_172_add_5_3/C0 is driven by constant or a pin on an incomplete path
     *** OLED12864_u1/add_172_add_5_3/A1 is driven by constant or a pin on an incomplete path
     *** OLED12864_u1/add_172_add_5_3/C1 is driven by constant or a pin on an incomplete path
     *** OLED12864_u1/num_1293_add_4_9/A0 is driven by constant or a pin on an incomplete path
     *** OLED12864_u1/num_1293_add_4_9/A1 is driven by constant or a pin on an incomplete path
     *** OLED12864_u1/num_1293_add_4_9/B1 is driven by constant or a pin on an incomplete path
     *** OLED12864_u1/num_1293_add_4_9/C1 is driven by constant or a pin on an incomplete path
     *** OLED12864_u1/num_1293_add_4_7/A0 is driven by constant or a pin on an incomplete path
     *** OLED12864_u1/num_1293_add_4_7/A1 is driven by constant or a pin on an incomplete path
     *** OLED12864_u1/num_1293_add_4_5/A0 is driven by constant or a pin on an incomplete path
     *** OLED12864_u1/num_1293_add_4_5/A1 is driven by constant or a pin on an incomplete path
     *** OLED12864_u1/add_172_add_5_1/A0 is driven by constant or a pin on an incomplete path
     *** OLED12864_u1/add_172_add_5_1/B0 is driven by constant or a pin on an incomplete path
     *** OLED12864_u1/add_172_add_5_1/C0 is driven by constant or a pin on an incomplete path
     *** OLED12864_u1/add_172_add_5_1/A1 is driven by constant or a pin on an incomplete path
     *** OLED12864_u1/mem_hanzi_num__i2/SR is driven by constant or a pin on an incomplete path
     *** OLED12864_u1/mem_hanzi_num__i1/SR is driven by constant or a pin on an incomplete path
     *** OLED12864_u1/add_38_add_5_17/A0 is driven by constant or a pin on an incomplete path
     *** OLED12864_u1/add_38_add_5_17/C0 is driven by constant or a pin on an incomplete path
     *** OLED12864_u1/add_38_add_5_17/A1 is driven by constant or a pin on an incomplete path
     *** OLED12864_u1/add_38_add_5_17/B1 is driven by constant or a pin on an incomplete path
     *** OLED12864_u1/add_38_add_5_17/C1 is driven by constant or a pin on an incomplete path
     *** OLED12864_u1/add_38_add_5_3/A0 is driven by constant or a pin on an incomplete path
     *** OLED12864_u1/add_38_add_5_3/C0 is driven by constant or a pin on an incomplete path
     *** OLED12864_u1/add_38_add_5_3/A1 is driven by constant or a pin on an incomplete path
     *** OLED12864_u1/add_38_add_5_3/C1 is driven by constant or a pin on an incomplete path
     *** OLED12864_u1/add_38_add_5_5/A0 is driven by constant or a pin on an incomplete path
     *** OLED12864_u1/add_38_add_5_5/C0 is driven by constant or a pin on an incomplete path
     *** OLED12864_u1/add_38_add_5_5/A1 is driven by constant or a pin on an incomplete path
     *** OLED12864_u1/add_38_add_5_5/C1 is driven by constant or a pin on an incomplete path
     *** OLED12864_u1/num_1293_add_4_3/A0 is driven by constant or a pin on an incomplete path
     *** OLED12864_u1/num_1293_add_4_3/A1 is driven by constant or a pin on an incomplete path
     *** OLED12864_u1/add_38_add_5_1/A0 is driven by constant or a pin on an incomplete path
     *** OLED12864_u1/add_38_add_5_1/B0 is driven by constant or a pin on an incomplete path
     *** OLED12864_u1/add_38_add_5_1/C0 is driven by constant or a pin on an incomplete path
     *** OLED12864_u1/add_38_add_5_1/A1 is driven by constant or a pin on an incomplete path
     *** OLED12864_u1/add_38_add_5_15/A0 is driven by constant or a pin on an incomplete path
     *** OLED12864_u1/add_38_add_5_15/C0 is driven by constant or a pin on an incomplete path
     *** OLED12864_u1/add_38_add_5_15/A1 is driven by constant or a pin on an incomplete path
     *** OLED12864_u1/add_38_add_5_15/C1 is driven by constant or a pin on an incomplete path
     *** OLED12864_u1/mux_73/RADDR10 is driven by constant or a pin on an incomplete path
     *** OLED12864_u1/mux_73/RADDR9 is driven by constant or a pin on an incomplete path
     *** OLED12864_u1/mux_73/RADDR8 is driven by constant or a pin on an incomplete path
     *** OLED12864_u1/mux_73/RADDR7 is driven by constant or a pin on an incomplete path
     *** OLED12864_u1/mux_73/WADDR10 is driven by constant or a pin on an incomplete path
     *** OLED12864_u1/mux_73/WADDR9 is driven by constant or a pin on an incomplete path
     *** OLED12864_u1/mux_73/WADDR8 is driven by constant or a pin on an incomplete path
     *** OLED12864_u1/mux_73/WADDR7 is driven by constant or a pin on an incomplete path
     *** OLED12864_u1/mux_73/WADDR6 is driven by constant or a pin on an incomplete path
     *** OLED12864_u1/mux_73/WADDR5 is driven by constant or a pin on an incomplete path
     *** OLED12864_u1/mux_73/WADDR4 is driven by constant or a pin on an incomplete path
     *** OLED12864_u1/mux_73/WADDR3 is driven by constant or a pin on an incomplete path
     *** OLED12864_u1/mux_73/WADDR2 is driven by constant or a pin on an incomplete path
     *** OLED12864_u1/mux_73/WADDR1 is driven by constant or a pin on an incomplete path
     *** OLED12864_u1/mux_73/WADDR0 is driven by constant or a pin on an incomplete path
     *** OLED12864_u1/mux_73/MASK_N15 is driven by constant or a pin on an incomplete path
     *** OLED12864_u1/mux_73/MASK_N14 is driven by constant or a pin on an incomplete path
     *** OLED12864_u1/mux_73/MASK_N13 is driven by constant or a pin on an incomplete path
     *** OLED12864_u1/mux_73/MASK_N12 is driven by constant or a pin on an incomplete path
     *** OLED12864_u1/mux_73/MASK_N11 is driven by constant or a pin on an incomplete path
     *** OLED12864_u1/mux_73/MASK_N10 is driven by constant or a pin on an incomplete path
     *** OLED12864_u1/mux_73/MASK_N9 is driven by constant or a pin on an incomplete path
     *** OLED12864_u1/mux_73/MASK_N8 is driven by constant or a pin on an incomplete path
     *** OLED12864_u1/mux_73/MASK_N7 is driven by constant or a pin on an incomplete path
     *** OLED12864_u1/mux_73/MASK_N6 is driven by constant or a pin on an incomplete path
     *** OLED12864_u1/mux_73/MASK_N5 is driven by constant or a pin on an incomplete path
     *** OLED12864_u1/mux_73/MASK_N4 is driven by constant or a pin on an incomplete path
     *** OLED12864_u1/mux_73/MASK_N3 is driven by constant or a pin on an incomplete path
     *** OLED12864_u1/mux_73/MASK_N2 is driven by constant or a pin on an incomplete path
     *** OLED12864_u1/mux_73/MASK_N1 is driven by constant or a pin on an incomplete path
     *** OLED12864_u1/mux_73/MASK_N0 is driven by constant or a pin on an incomplete path
     *** OLED12864_u1/mux_73/WDATA15 is driven by constant or a pin on an incomplete path
     *** OLED12864_u1/mux_73/WDATA14 is driven by constant or a pin on an incomplete path
     *** OLED12864_u1/mux_73/WDATA13 is driven by constant or a pin on an incomplete path
     *** OLED12864_u1/mux_73/WDATA12 is driven by constant or a pin on an incomplete path
     *** OLED12864_u1/mux_73/WDATA11 is driven by constant or a pin on an incomplete path
     *** OLED12864_u1/mux_73/WDATA10 is driven by constant or a pin on an incomplete path
     *** OLED12864_u1/mux_73/WDATA9 is driven by constant or a pin on an incomplete path
     *** OLED12864_u1/mux_73/WDATA8 is driven by constant or a pin on an incomplete path
     *** OLED12864_u1/mux_73/WDATA7 is driven by constant or a pin on an incomplete path
     *** OLED12864_u1/mux_73/WDATA6 is driven by constant or a pin on an incomplete path
     *** OLED12864_u1/mux_73/WDATA5 is driven by constant or a pin on an incomplete path
     *** OLED12864_u1/mux_73/WDATA4 is driven by constant or a pin on an incomplete path
     *** OLED12864_u1/mux_73/WDATA3 is driven by constant or a pin on an incomplete path
     *** OLED12864_u1/mux_73/WDATA2 is driven by constant or a pin on an incomplete path
     *** OLED12864_u1/mux_73/WDATA1 is driven by constant or a pin on an incomplete path
     *** OLED12864_u1/mux_73/WDATA0 is driven by constant or a pin on an incomplete path
     *** OLED12864_u1/mux_73/WCLK is driven by constant or a pin on an incomplete path
     *** OLED12864_u1/mux_73/WE is driven by constant or a pin on an incomplete path
     *** rst_n_in_pad.bb_inst/T_N is driven by constant or a pin on an incomplete path
     *** clk_in_pad.bb_inst/T_N is driven by constant or a pin on an incomplete path
EBR_B/WCLKE input mux_76is connected to a constant net
EBR_B/WCLKE input mux_79is connected to a constant net
EBR_B/WCLKE input mux_82is connected to a constant net
EBR_B/WCLKE input mux_85is connected to a constant net
EBR_B/WCLKE input mux_39is connected to a constant net
FA2/D1 input add_172_add_5_17 has no outgoing device arc
FA2/CI1 input add_172_add_5_17 has no outgoing device arc
     ** OLED12864_u1/add_172_add_5_17/CO0 is driving a pin on an incomplete path
FA2/B0 input add_172_add_5_17 is on an incomplete path
FA2/CI0 input add_172_add_5_17 is on an incomplete path
FA2/D1 input cnt_chinese_1292_add_4_7 has no outgoing device arc
FA2/CI1 input cnt_chinese_1292_add_4_7 has no outgoing device arc
     ** OLED12864_u1/cnt_chinese_1292_add_4_7/CO0 is driving a pin on an incomplete path
FA2/C0 input cnt_chinese_1292_add_4_7 is on an incomplete path
FA2/CI0 input cnt_chinese_1292_add_4_7 is on an incomplete path
FA2/D1 input add_38_add_5_17 has no outgoing device arc
FA2/CI1 input add_38_add_5_17 has no outgoing device arc
     ** OLED12864_u1/add_38_add_5_17/CO0 is driving a pin on an incomplete path
FA2/B0 input add_38_add_5_17 is on an incomplete path
FA2/CI0 input add_38_add_5_17 is on an incomplete path
FA2/D1 input num_1293_add_4_9 has no outgoing device arc
FA2/CI1 input num_1293_add_4_9 has no outgoing device arc
     ** OLED12864_u1/num_1293_add_4_9/CO0 is driving a pin on an incomplete path
FA2/B0 input num_1293_add_4_9 is on an incomplete path
FA2/C0 input num_1293_add_4_9 is on an incomplete path
FA2/CI0 input num_1293_add_4_9 is on an incomplete path
EBR_B/WCLKE input mux_73is connected to a constant net
VHI/Z VCC  oled_dat_pad.vhi_inst
     *** OLED12864_u1/mux_39/RCLKE is driven by constant or a pin on an incomplete path
     *** OLED12864_u1/mux_39/RE is driven by constant or a pin on an incomplete path
     *** OLED12864_u1/char_reg_ret20_i0/SP is driven by constant or a pin on an incomplete path
     *** OLED12864_u1/i381/D is driven by constant or a pin on an incomplete path
     *** OLED12864_u1/i381/SP is driven by constant or a pin on an incomplete path
     *** OLED12864_u1/char_reg_ret6_i0/SP is driven by constant or a pin on an incomplete path
     *** OLED12864_u1/char_reg_ret5_i0/SP is driven by constant or a pin on an incomplete path
     *** OLED12864_u1/char_reg_ret4_i0/SP is driven by constant or a pin on an incomplete path
     *** OLED12864_u1/char_reg_ret3_i0/SP is driven by constant or a pin on an incomplete path
     *** OLED12864_u1/char_reg_ret2_i0/SP is driven by constant or a pin on an incomplete path
     *** OLED12864_u1/char_reg_ret1_i0/SP is driven by constant or a pin on an incomplete path
     *** OLED12864_u1/char_reg_ret8_i1/SP is driven by constant or a pin on an incomplete path
     *** OLED12864_u1/char_reg_ret7_i0/SP is driven by constant or a pin on an incomplete path
     *** OLED12864_u1/char_reg_ret19_i0/SP is driven by constant or a pin on an incomplete path
     *** OLED12864_u1/char_reg_ret12_i0/SP is driven by constant or a pin on an incomplete path
     *** OLED12864_u1/char_reg_ret11_i0/SP is driven by constant or a pin on an incomplete path
     *** OLED12864_u1/mux_76/RCLKE is driven by constant or a pin on an incomplete path
     *** OLED12864_u1/mux_76/RE is driven by constant or a pin on an incomplete path
     *** OLED12864_u1/char_reg_ret18_i0/SP is driven by constant or a pin on an incomplete path
     *** OLED12864_u1/char_reg_ret21_i0/SP is driven by constant or a pin on an incomplete path
     *** OLED12864_u1/char_reg_ret25_i0/SP is driven by constant or a pin on an incomplete path
     *** OLED12864_u1/i312/SP is driven by constant or a pin on an incomplete path
     *** OLED12864_u1/char_reg_ret27_i0/SP is driven by constant or a pin on an incomplete path
     *** OLED12864_u1/char_reg_ret26_i0/SP is driven by constant or a pin on an incomplete path
     *** OLED12864_u1/char_reg_ret29_i0/SP is driven by constant or a pin on an incomplete path
     *** OLED12864_u1/char_reg_ret28_i0/SP is driven by constant or a pin on an incomplete path
     *** OLED12864_u1/char_reg_ret31_i0/SP is driven by constant or a pin on an incomplete path
     *** OLED12864_u1/char_reg_ret30_i0/SP is driven by constant or a pin on an incomplete path
     *** OLED12864_u1/char_reg_ret32_i0/SP is driven by constant or a pin on an incomplete path
     *** OLED12864_u1/char_reg_ret34_i0/SP is driven by constant or a pin on an incomplete path
     *** OLED12864_u1/mux_79/RCLKE is driven by constant or a pin on an incomplete path
     *** OLED12864_u1/mux_79/RE is driven by constant or a pin on an incomplete path
     *** OLED12864_u1/mux_82/RCLKE is driven by constant or a pin on an incomplete path
     *** OLED12864_u1/mux_82/RE is driven by constant or a pin on an incomplete path
     *** OLED12864_u1/mux_85/RCLKE is driven by constant or a pin on an incomplete path
     *** OLED12864_u1/mux_85/RE is driven by constant or a pin on an incomplete path
     *** OLED12864_u1/char__i1/SP is driven by constant or a pin on an incomplete path
     *** OLED12864_u1/char__i3/SP is driven by constant or a pin on an incomplete path
     *** OLED12864_u1/char__i4/SP is driven by constant or a pin on an incomplete path
     *** OLED12864_u1/char__i6/SP is driven by constant or a pin on an incomplete path
     *** OLED12864_u1/char__i8/SP is driven by constant or a pin on an incomplete path
     *** OLED12864_u1/char__i9/SP is driven by constant or a pin on an incomplete path
     *** OLED12864_u1/char__i10/SP is driven by constant or a pin on an incomplete path
     *** OLED12864_u1/char__i11/SP is driven by constant or a pin on an incomplete path
     *** OLED12864_u1/char__i13/SP is driven by constant or a pin on an incomplete path
     *** OLED12864_u1/char__i14/SP is driven by constant or a pin on an incomplete path
     *** OLED12864_u1/char__i17/SP is driven by constant or a pin on an incomplete path
     *** OLED12864_u1/char__i18/SP is driven by constant or a pin on an incomplete path
     *** OLED12864_u1/char__i20/SP is driven by constant or a pin on an incomplete path
     *** OLED12864_u1/char__i21/SP is driven by constant or a pin on an incomplete path
     *** OLED12864_u1/char__i23/SP is driven by constant or a pin on an incomplete path
     *** OLED12864_u1/char__i24/SP is driven by constant or a pin on an incomplete path
     *** OLED12864_u1/char__i25/SP is driven by constant or a pin on an incomplete path
     *** OLED12864_u1/char__i26/SP is driven by constant or a pin on an incomplete path
     *** OLED12864_u1/char__i27/SP is driven by constant or a pin on an incomplete path
     *** OLED12864_u1/char__i28/SP is driven by constant or a pin on an incomplete path
     *** OLED12864_u1/char__i29/SP is driven by constant or a pin on an incomplete path
     *** OLED12864_u1/char__i30/SP is driven by constant or a pin on an incomplete path
     *** OLED12864_u1/char__i31/SP is driven by constant or a pin on an incomplete path
     *** OLED12864_u1/char__i32/SP is driven by constant or a pin on an incomplete path
     *** OLED12864_u1/char__i34/SP is driven by constant or a pin on an incomplete path
     *** OLED12864_u1/char__i35/SP is driven by constant or a pin on an incomplete path
     *** OLED12864_u1/char__i36/SP is driven by constant or a pin on an incomplete path
     *** OLED12864_u1/char__i37/SP is driven by constant or a pin on an incomplete path
     *** OLED12864_u1/char__i38/SP is driven by constant or a pin on an incomplete path
     *** OLED12864_u1/char__i39/SP is driven by constant or a pin on an incomplete path
     *** OLED12864_u1/char__i40/SP is driven by constant or a pin on an incomplete path
     *** OLED12864_u1/char__i41/SP is driven by constant or a pin on an incomplete path
     *** OLED12864_u1/char__i42/SP is driven by constant or a pin on an incomplete path
     *** OLED12864_u1/char__i48/SP is driven by constant or a pin on an incomplete path
     *** OLED12864_u1/char__i55/SP is driven by constant or a pin on an incomplete path
     *** OLED12864_u1/char__i62/SP is driven by constant or a pin on an incomplete path
     *** OLED12864_u1/cnt_chinese_1292_add_4_1/B1 is driven by constant or a pin on an incomplete path
     *** OLED12864_u1/char_reg_ret34_i4/SP is driven by constant or a pin on an incomplete path
     *** OLED12864_u1/char_reg_ret34_i2/SP is driven by constant or a pin on an incomplete path
     *** OLED12864_u1/char_reg_ret34_i1/SP is driven by constant or a pin on an incomplete path
     *** OLED12864_u1/char_reg_ret32_i7/SP is driven by constant or a pin on an incomplete path
     *** OLED12864_u1/char_reg_ret32_i5/SP is driven by constant or a pin on an incomplete path
     *** OLED12864_u1/char_reg_ret32_i4/SP is driven by constant or a pin on an incomplete path
     *** OLED12864_u1/char_reg_ret32_i2/SP is driven by constant or a pin on an incomplete path
     *** OLED12864_u1/char_reg_ret32_i1/SP is driven by constant or a pin on an incomplete path
     *** OLED12864_u1/char_reg_ret33_i3/SP is driven by constant or a pin on an incomplete path
     *** OLED12864_u1/char_reg_ret11_i7/SP is driven by constant or a pin on an incomplete path
     *** OLED12864_u1/char_reg_ret11_i6/SP is driven by constant or a pin on an incomplete path
     *** OLED12864_u1/char_reg_ret11_i5/SP is driven by constant or a pin on an incomplete path
     *** OLED12864_u1/char_reg_ret11_i4/SP is driven by constant or a pin on an incomplete path
     *** OLED12864_u1/char_reg_ret11_i3/SP is driven by constant or a pin on an incomplete path
     *** OLED12864_u1/char_reg_ret11_i2/SP is driven by constant or a pin on an incomplete path
     *** OLED12864_u1/char_reg_ret11_i1/SP is driven by constant or a pin on an incomplete path
     *** OLED12864_u1/char_reg_ret12_i6/SP is driven by constant or a pin on an incomplete path
     *** OLED12864_u1/char_reg_ret12_i5/SP is driven by constant or a pin on an incomplete path
     *** OLED12864_u1/char_reg_ret12_i4/SP is driven by constant or a pin on an incomplete path
     *** OLED12864_u1/char_reg_ret12_i3/SP is driven by constant or a pin on an incomplete path
     *** OLED12864_u1/char_reg_ret12_i2/SP is driven by constant or a pin on an incomplete path
     *** OLED12864_u1/char_reg_ret12_i1/SP is driven by constant or a pin on an incomplete path
     *** OLED12864_u1/char_reg_ret8_i8/SP is driven by constant or a pin on an incomplete path
     *** OLED12864_u1/char_reg_ret8_i7/SP is driven by constant or a pin on an incomplete path
     *** OLED12864_u1/char_reg_ret8_i6/SP is driven by constant or a pin on an incomplete path
     *** OLED12864_u1/char_reg_ret8_i5/SP is driven by constant or a pin on an incomplete path
     *** OLED12864_u1/char_reg_ret8_i4/SP is driven by constant or a pin on an incomplete path
     *** OLED12864_u1/char_reg_ret8_i3/SP is driven by constant or a pin on an incomplete path
     *** OLED12864_u1/char_reg_ret8_i2/SP is driven by constant or a pin on an incomplete path
     *** OLED12864_u1/char__i69/SP is driven by constant or a pin on an incomplete path
     *** OLED12864_u1/char__i76/SP is driven by constant or a pin on an incomplete path
     *** OLED12864_u1/add_172_add_5_1/C1 is driven by constant or a pin on an incomplete path
     *** OLED12864_u1/char__i83/SP is driven by constant or a pin on an incomplete path
     *** OLED12864_u1/char__i90/SP is driven by constant or a pin on an incomplete path
     *** OLED12864_u1/char__i97/SP is driven by constant or a pin on an incomplete path
     *** OLED12864_u1/char__i104/SP is driven by constant or a pin on an incomplete path
     *** OLED12864_u1/char__i111/SP is driven by constant or a pin on an incomplete path
     *** OLED12864_u1/mem_hanzi_num__i2/SP is driven by constant or a pin on an incomplete path
     *** OLED12864_u1/mem_hanzi_num__i1/SP is driven by constant or a pin on an incomplete path
     *** OLED12864_u1/add_38_add_5_1/C1 is driven by constant or a pin on an incomplete path
     *** OLED12864_u1/mux_73/RCLKE is driven by constant or a pin on an incomplete path
     *** OLED12864_u1/mux_73/RE is driven by constant or a pin on an incomplete path
     *** oled_dat_pad.bb_inst/T_N is driven by constant or a pin on an incomplete path
     *** oled_clk_pad.bb_inst/T_N is driven by constant or a pin on an incomplete path
     *** oled_dcn_pad.bb_inst/T_N is driven by constant or a pin on an incomplete path
     *** oled_rst_pad.bb_inst/T_N is driven by constant or a pin on an incomplete path
