Lattice Timing Report -  Setup  and Hold, Version Radiant Software (64-bit) 3.0.0.24.1

Thu Dec 30 11:00:50 2021

Copyright (c) 1991-1994 by NeoCAD Inc. All rights reserved.
Copyright (c) 1995 AT&T Corp.   All rights reserved.
Copyright (c) 1995-2001 Lucent Technologies Inc.  All rights reserved.
Copyright (c) 2001 Agere Systems   All rights reserved.
Copyright (c) 2002-2021 Lattice Semiconductor Corporation,  All rights reserved.

Command line:    timing -sethld -v 10 -u 10 -endpoints 10 -nperend 1 -sp High-Performance_1.2V -hsp m -pwrprd -html -rpt OLED_impl_1.twr OLED_impl_1.udb -gui

-----------------------------------------
Design:          top
Family:          iCE40UP
Device:          iCE40UP5K
Package:         SG48
Performance:     High-Performance_1.2V
Package Status:                     Preliminary    Version 1.5
*Performance Hardware Data Status :   Advanced Version 1.0
-----------------------------------------


=====================================================================
                    Table of Contents
=====================================================================
    1  DESIGN CHECKING
        1.1  SDC Constraints
        1.2  Combinational Loop
    2  CLOCK SUMMARY
    3  TIMING ANALYSIS SUMMARY
        3.1  Overall (Setup and Hold)
            3.1.1  Constraint Coverage
            3.1.2  Timing Errors
            3.1.3  Total Timing Score
        3.2  Setup Summary Report
        3.3  Hold Summary Report
        3.4  Unconstrained Report
            3.4.1  Unconstrained Start/End Points
            3.4.2  Start/End Points Without Timing Constraints
    4  DETAILED REPORT
        4.1  Setup Detailed Report
        4.2  Hold Detailed Report

=====================================================================
                    End of Table of Contents
=====================================================================

==============================================
1  DESIGN CHECKING
==============================================

1.1  SDC Constraints
=====================

Operating conditions:
--------------------
    Temperature: 85
    Core voltage: 1.14 V

1.2  Combinational Loop
========================
None

==============================================
2  CLOCK SUMMARY
==============================================

==============================================
3  TIMING ANALYSIS SUMMARY
==============================================

3.1  Overall (Setup and Hold)
==============================

3.1.1  Constraint Coverage
---------------------------
Constraint Coverage: 0%

3.1.2  Timing Errors
---------------------
Timing Errors: 0 endpoints (setup), 0 endpoints (hold)

3.1.3  Total Timing Score
--------------------------
Total Negative Slack: 0.000 ns (setup), 0.000 ns (hold)

3.2  Setup Summary Report
==========================

--------------------------------------------------
There is no end point satisfying reporting criteria

Total Negative Slack: 0


3.3  Hold Summary Report
=========================

--------------------------------------------------
There is no end point satisfying reporting criteria

Total Negative Slack: 0


3.4  Unconstrained Report
===========================

3.4.1  Unconstrained Start/End Points
--------------------------------------

Clocked but unconstrained timing start points
--------------------------------------------------
There is no start point satisfying reporting criteria


Clocked but unconstrained timing end points
--------------------------------------------------
There is no end point satisfying reporting criteria


3.4.2  Start/End Points Without Timing Constraints
---------------------------------------------------

I/O ports without constraint
----------------------------
Possible constraints to use on I/O ports are:
set_input_delay,
set_output_delay,
set_max_delay,
create_clock,
create_generated_clock,
...

-------------------------------------------------------------------
     Listing 6 Start or End Points      |           Type           
-------------------------------------------------------------------
rst_n_in                                |                     input
clk_in                                  |                     input
oled_dat                                |                    output
oled_clk                                |                    output
oled_dcn                                |                    output
oled_rst                                |                    output
-------------------------------------------------------------------
                                        |                          
Number of I/O ports without constraint  |                         6
                                        |                          
-------------------------------------------------------------------

Registers without clock definition
Define the clock for these registers.
-------------------------------------------------------------------
         Listing 10 Instance(s)         |           Type           
-------------------------------------------------------------------
OLED12864_u1/y_p_i0_i1                  |                  No Clock
OLED12864_u1/cnt_delay_i0_i1            |                  No Clock
OLED12864_u1/x_ph_i0_i1                 |                  No Clock
OLED12864_u1/state_i0_i1                |                  No Clock
OLED12864_u1/cnt_main_i0_i1             |                  No Clock
OLED12864_u1/num_delay_i0_i2            |                  No Clock
OLED12864_u1/char_reg_ret8_i2           |                  No Clock
OLED12864_u1/i312                       |                  No Clock
OLED12864_u1/char_reg_ret4_i0           |                  No Clock
OLED12864_u1/char_reg_ret5_i0           |                  No Clock
-------------------------------------------------------------------
                                        |                          
Number of registers without clock defin |                          
ition                                   |                      1062
                                        |                          
-------------------------------------------------------------------

==============================================
4  DETAILED REPORT
==============================================

4.1  Setup Detailed Report
===========================


XXXXXXXXXXXXXXXXXXXXXXXXXXXXXXXXXXXXXXXXXXXXXXXXXXXXXXXXXX

Detail report of critical paths

XXXXXXXXXXXXXXXXXXXXXXXXXXXXXXXXXXXXXXXXXXXXXXXXXXXXXXXXXX

+++++++++++++++++++++++++++++++++++++++++++++++++++++++++++++++++++++ 
                    Detailed Report for timing paths 
+++++++++++++++++++++++++++++++++++++++++++++++++++++++++++++++++++++ 
+++++++++++++++++++++++++++++++++++++++++++++++++++++++++++++++++++++ 
                    End of Detailed Report for timing paths 
+++++++++++++++++++++++++++++++++++++++++++++++++++++++++++++++++++++ 


##########################################################

4.2  Hold Detailed Report
==========================


XXXXXXXXXXXXXXXXXXXXXXXXXXXXXXXXXXXXXXXXXXXXXXXXXXXXXXXXXX

Detail report of critical paths

XXXXXXXXXXXXXXXXXXXXXXXXXXXXXXXXXXXXXXXXXXXXXXXXXXXXXXXXXX

+++++++++++++++++++++++++++++++++++++++++++++++++++++++++++++++++++++ 
                    Detailed Report for timing paths 
+++++++++++++++++++++++++++++++++++++++++++++++++++++++++++++++++++++ 
+++++++++++++++++++++++++++++++++++++++++++++++++++++++++++++++++++++ 
                    End of Detailed Report for timing paths 
+++++++++++++++++++++++++++++++++++++++++++++++++++++++++++++++++++++ 


##########################################################

