
tmcheck -par "WS2812_led_impl_1.par" 

bitgen -w "WS2812_led_impl_1.udb" -f "WS2812_led_impl_1.t2b" 
Loading WS2812_led_impl_1.udb ...
Loading device for application GENERIC from file 'itpa08.nph' in environment: D:/shixi/install/lattice/ispfpga.
Package Status:                     Preliminary    Version 1.5.
Performance Hardware Data Status:   Advanced       Version 1.0.



Design:  top
Family:  iCE40UP
Device:  iCE40UP5K
Package: SG48
Performance Grade:   High-Performance_1.2V
Successfully loading design udb and device data from disks and to up-layer in CPU time: 0 secs , REAL time: 0 secs 



BITGEN: Bitstream Generator Radiant Software (64-bit) 3.0.0.24.1
Copyright (c) 1991-1994 by NeoCAD Inc. All rights reserved.
Copyright (c) 1995 AT&T Corp.   All rights reserved.
Copyright (c) 1995-2001 Lucent Technologies Inc.  All rights reserved.
Copyright (c) 2001 Agere Systems   All rights reserved.
Copyright (c) 2002-2021 Lattice Semiconductor Corporation,  All rights reserved.


Running DRC.
DRC detected 0 errors and 0 warnings.

Preference Summary:
+---------------------------------+---------------------------------+
|  Preference                     |  Current Setting                |
+---------------------------------+---------------------------------+
 *  Default setting.
 ** The specified setting matches the default setting.


Creating bit map...
Saving bit stream in "D:\shixi\project\FPGA\ICE40\WS2812_led\impl_1\WS2812_led_impl_1.rbt".
Bitstream generation complete!

Total CPU Time: 1 secs 
Total REAL Time: 2 secs 
Peak Memory Usage: 109 MB

